0 info it worked if it ends with ok
1 verbose cli [ 'C:\\Program Files\\nodejs\\node.exe',
1 verbose cli   'C:\\Program Files\\nodejs\\node_modules\\npm\\bin\\npm-cli.js',
1 verbose cli   'run',
1 verbose cli   'it' ]
2 info using npm@3.10.10
3 info using node@v6.11.4
4 verbose run-script [ 'preit', 'it', 'postit' ]
5 info lifecycle HelloReact@1.0.0~preit: HelloReact@1.0.0
6 silly lifecycle HelloReact@1.0.0~preit: no script for preit, continuing
7 info lifecycle HelloReact@1.0.0~it: HelloReact@1.0.0
8 verbose lifecycle HelloReact@1.0.0~it: unsafe-perm in lifecycle true
9 verbose lifecycle HelloReact@1.0.0~it: PATH: C:\Program Files\nodejs\node_modules\npm\bin\node-gyp-bin;C:\Users\bny\Desktop\HelloReact\node_modules\.bin;C:\Python27\Lib\site-packages\PyQt4;C:\ProgramData\Oracle\Java\javapath;C:\app\bny\product\11.2.0\client_2;C:\WINDOWS\system32;C:\WINDOWS;C:\WINDOWS\System32\Wbem;C:\WINDOWS\System32\WindowsPowerShell\v1.0\;C:\Program Files (x86)\ATI Technologies\ATI.ACE\Core-Static;C:\Program Files (x86)\Git\cmd;C:\Program Files\TortoiseGit\bin;C:\Program Files\Java\jdk1.8.0_131\bin;C:\Python27;C:\Python27\Scripts;C:\Program Files\MongoDB\Server\3.4\bin;C:\Program Files (x86)\Microsoft SQL Server\Client SDK\ODBC\130\Tools\Binn\;C:\Program Files (x86)\Microsoft SQL Server\140\Tools\Binn\;C:\Program Files (x86)\Microsoft SQL Server\140\DTS\Binn\;C:\Program Files (x86)\Microsoft SQL Server\140\Tools\Binn\ManagementStudio\;C:\apache-maven-3.5.0\bin;C:\Program Files\nodejs\;C:\Users\bny\AppData\Local\Microsoft\WindowsApps;C:\Users\bny\AppData\Roaming\npm
10 verbose lifecycle HelloReact@1.0.0~it: CWD: C:\Users\bny\Desktop\HelloReact
11 silly lifecycle HelloReact@1.0.0~it: Args: [ '/d /s /c', 'webpack-dev-server --hot' ]
12 silly lifecycle HelloReact@1.0.0~it: Returned: code: 3221225786  signal: null
13 info lifecycle HelloReact@1.0.0~it: Failed to exec it script
14 verbose stack Error: HelloReact@1.0.0 it: `webpack-dev-server --hot`
14 verbose stack Exit status 3221225786
14 verbose stack     at EventEmitter.<anonymous> (C:\Program Files\nodejs\node_modules\npm\lib\utils\lifecycle.js:255:16)
14 verbose stack     at emitTwo (events.js:106:13)
14 verbose stack     at EventEmitter.emit (events.js:191:7)
14 verbose stack     at ChildProcess.<anonymous> (C:\Program Files\nodejs\node_modules\npm\lib\utils\spawn.js:40:14)
14 verbose stack     at emitTwo (events.js:106:13)
14 verbose stack     at ChildProcess.emit (events.js:191:7)
14 verbose stack     at maybeClose (internal/child_process.js:920:16)
14 verbose stack     at Process.ChildProcess._handle.onexit (internal/child_process.js:230:5)
15 verbose pkgid HelloReact@1.0.0
16 verbose cwd C:\Users\bny\Desktop\HelloReact
17 error Windows_NT 10.0.14393
18 error argv "C:\\Program Files\\nodejs\\node.exe" "C:\\Program Files\\nodejs\\node_modules\\npm\\bin\\npm-cli.js" "run" "it"
19 error node v6.11.4
20 error npm  v3.10.10
21 error code ELIFECYCLE
22 error HelloReact@1.0.0 it: `webpack-dev-server --hot`
22 error Exit status 3221225786
23 error Failed at the HelloReact@1.0.0 it script 'webpack-dev-server --hot'.
23 error Make sure you have the latest version of node.js and npm installed.
23 error If you do, this is most likely a problem with the HelloReact package,
23 error not with npm itself.
23 error Tell the author that this fails on your system:
23 error     webpack-dev-server --hot
23 error You can get information on how to open an issue for this project with:
23 error     npm bugs HelloReact
23 error Or if that isn't available, you can get their info via:
23 error     npm owner ls HelloReact
23 error There is likely additional logging output above.
24 verbose exit [ 1, true ]
